<?xml version="1.0" encoding="UTF-8"?>
<!-- Generated by org.testng.reporters.JUnitXMLReporter -->
<testsuite ignored="0" hostname="ASUS" failures="0" tests="3" name="Default test" time="0.066" errors="0" timestamp="2025-06-07T13:10:15 IST">
  <testcase classname="TestNG.Keword_invocationCount" name="TC1" time="0.01"/>
  <testcase classname="TestNG.Keword_invocationCount" name="TC1" time="0.003"/>
  <testcase classname="TestNG.Keword_invocationCount" name="TC1" time="0.003"/>
</testsuite> <!-- Default test -->
