<?xml version="1.0" encoding="UTF-8"?>
<!-- Generated by org.testng.reporters.JUnitXMLReporter -->
<testsuite ignored="5" hostname="ASUS" failures="0" tests="1" name="Test(failed)" time="0.075" errors="0" timestamp="2025-06-07T17:36:12 IST">
  <testcase classname="TestNG.example_Suite_FailedXMLFile" name="TC6" time="0.019"/>
  <testcase classname="TestNG.example_Suite_FailedXMLFile" name="TC3" time="0.0">
    <ignored/>
  </testcase> <!-- TC3 -->
  <testcase classname="TestNG.example_Suite_FailedXMLFile" name="TC4" time="0.0">
    <ignored/>
  </testcase> <!-- TC4 -->
  <testcase classname="TestNG.example_Suite_FailedXMLFile" name="TC5" time="0.0">
    <ignored/>
  </testcase> <!-- TC5 -->
  <testcase classname="TestNG.example_Suite_FailedXMLFile" name="TC1" time="0.0">
    <ignored/>
  </testcase> <!-- TC1 -->
  <testcase classname="TestNG.example_Suite_FailedXMLFile" name="TC2" time="0.0">
    <ignored/>
  </testcase> <!-- TC2 -->
</testsuite> <!-- Test(failed) -->
