<?xml version="1.0" encoding="UTF-8"?>
<testng-results ignored="0" total="3" passed="3" failed="0" skipped="0">
  <reporter-output>
    <line>
      <![CDATA[Test Case Pass]]>
    </line>
    <line>
      <![CDATA[Test Case Pass]]>
    </line>
    <line>
      <![CDATA[Test Case Pass]]>
    </line>
  </reporter-output>
  <suite started-at="2025-06-07T09:40:30 IST" name="Default suite" finished-at="2025-06-07T09:40:30 IST" duration-ms="62">
    <groups>
    </groups>
    <test started-at="2025-06-07T09:40:30 IST" name="Default test" finished-at="2025-06-07T09:40:30 IST" duration-ms="62">
      <class name="TestNG.Eamialbl_Report">
        <test-method signature="TC1()[pri:0, instance:TestNG.Eamialbl_Report@2f9f7dcf]" started-at="2025-06-07T09:40:30 IST" name="TC1" finished-at="2025-06-07T09:40:30 IST" duration-ms="11" status="PASS">
          <reporter-output>
            <line>
              <![CDATA[Test Case Pass]]>
            </line>
          </reporter-output>
        </test-method> <!-- TC1 -->
        <test-method signature="TC2()[pri:0, instance:TestNG.Eamialbl_Report@2f9f7dcf]" started-at="2025-06-07T09:40:30 IST" name="TC2" finished-at="2025-06-07T09:40:30 IST" duration-ms="0" status="PASS">
          <reporter-output>
            <line>
              <![CDATA[Test Case Pass]]>
            </line>
          </reporter-output>
        </test-method> <!-- TC2 -->
        <test-method signature="TC3()[pri:0, instance:TestNG.Eamialbl_Report@2f9f7dcf]" started-at="2025-06-07T09:40:30 IST" name="TC3" finished-at="2025-06-07T09:40:30 IST" duration-ms="7" status="PASS">
          <reporter-output>
            <line>
              <![CDATA[Test Case Pass]]>
            </line>
          </reporter-output>
        </test-method> <!-- TC3 -->
      </class> <!-- TestNG.Eamialbl_Report -->
    </test> <!-- Default test -->
  </suite> <!-- Default suite -->
</testng-results>
